2024-12-28 22:07:45,718 - src.controllers.task_controller - INFO - Created task: tt
2024-12-28 22:07:50,674 - src.controllers.task_controller - INFO - Deleted task with ID: 1
2024-12-28 22:10:29,619 - src.controllers.task_controller - INFO - Created task: tt
2024-12-28 22:10:32,532 - src.controllers.task_controller - INFO - Updated task: tt
2024-12-28 22:10:35,128 - src.controllers.task_controller - INFO - Deleted task with ID: 2
2024-12-28 22:13:47,007 - src.controllers.task_controller - INFO - Created task: test
2024-12-28 22:13:50,525 - src.controllers.task_controller - INFO - Deleted task with ID: 3
2024-12-28 22:15:29,206 - src.controllers.task_controller - INFO - Created task: 测试任务
2024-12-28 22:15:29,220 - src.controllers.task_controller - INFO - Created task: 测试任务
2024-12-28 22:15:29,231 - src.controllers.task_controller - INFO - Created task: 原始任务
2024-12-28 22:15:29,239 - src.controllers.task_controller - INFO - Updated task: 更新后的任务
2024-12-28 22:15:29,250 - src.controllers.task_controller - INFO - Created task: 要删除的任务
2024-12-28 22:15:29,257 - src.controllers.task_controller - INFO - Deleted task with ID: 7
2024-12-28 22:21:43,754 - src.controllers.task_controller - INFO - Created task: 测试任务
2024-12-28 22:21:43,765 - src.controllers.task_controller - INFO - Created task: 测试任务
2024-12-28 22:21:43,776 - src.controllers.task_controller - INFO - Created task: 原始任务
2024-12-28 22:21:43,783 - src.controllers.task_controller - INFO - Updated task: 更新后的任务
2024-12-28 22:21:43,795 - src.controllers.task_controller - INFO - Created task: 要删除的任务
2024-12-28 22:21:43,804 - src.controllers.task_controller - INFO - Deleted task with ID: 11
2024-12-28 22:21:49,991 - src.controllers.task_controller - INFO - Created task: 测试任务
2024-12-28 22:21:50,002 - src.controllers.task_controller - INFO - Created task: 测试任务
2024-12-28 22:21:50,013 - src.controllers.task_controller - INFO - Created task: 原始任务
2024-12-28 22:21:50,022 - src.controllers.task_controller - INFO - Updated task: 更新后的任务
2024-12-28 22:21:50,034 - src.controllers.task_controller - INFO - Created task: 要删除的任务
2024-12-28 22:21:50,042 - src.controllers.task_controller - INFO - Deleted task with ID: 15
2024-12-28 22:32:32,783 - src.controllers.task_controller - INFO - Created task: Review code changes
2024-12-28 22:32:32,794 - src.controllers.task_controller - INFO - Created task: Update documentation
2024-12-28 22:32:51,656 - src.controllers.task_controller - INFO - Deleted task with ID: 17
2024-12-28 22:32:52,680 - src.controllers.task_controller - INFO - Deleted task with ID: 16
2024-12-28 22:32:53,193 - src.controllers.task_controller - INFO - Deleted task with ID: 14
2024-12-28 22:32:53,755 - src.controllers.task_controller - INFO - Deleted task with ID: 13
2024-12-28 22:32:54,182 - src.controllers.task_controller - INFO - Deleted task with ID: 12
2024-12-28 22:32:54,476 - src.controllers.task_controller - INFO - Deleted task with ID: 10
2024-12-28 22:32:54,723 - src.controllers.task_controller - INFO - Deleted task with ID: 9
2024-12-28 22:32:55,121 - src.controllers.task_controller - INFO - Deleted task with ID: 8
2024-12-28 22:32:55,370 - src.controllers.task_controller - INFO - Deleted task with ID: 6
2024-12-28 22:32:55,825 - src.controllers.task_controller - INFO - Deleted task with ID: 5
2024-12-28 22:32:56,377 - src.controllers.task_controller - INFO - Deleted task with ID: 4
2024-12-28 22:33:08,143 - src.controllers.task_controller - INFO - Created task: Review code changes
2024-12-28 22:33:08,150 - src.controllers.task_controller - INFO - Created task: Update documentation
2024-12-28 22:33:34,370 - src.controllers.task_controller - INFO - Created task: Review code changes
2024-12-28 22:33:34,384 - src.controllers.task_controller - INFO - Created task: Update documentation
2024-12-28 22:33:54,238 - src.controllers.task_controller - INFO - Created task: Review code changes
2024-12-28 22:33:54,247 - src.controllers.task_controller - INFO - Created task: Update documentation
2024-12-28 22:34:20,758 - src.controllers.task_controller - INFO - Created task: Review code changes
2024-12-28 22:34:20,767 - src.controllers.task_controller - INFO - Created task: Update documentation
2024-12-28 22:34:47,823 - src.controllers.task_controller - INFO - Deleted task with ID: 25
2024-12-28 22:34:48,425 - src.controllers.task_controller - INFO - Deleted task with ID: 24
2024-12-28 22:34:48,681 - src.controllers.task_controller - INFO - Deleted task with ID: 23
2024-12-28 22:34:48,900 - src.controllers.task_controller - INFO - Deleted task with ID: 22
2024-12-28 22:34:49,093 - src.controllers.task_controller - INFO - Deleted task with ID: 21
2024-12-28 22:34:49,263 - src.controllers.task_controller - INFO - Deleted task with ID: 20
2024-12-28 22:34:49,455 - src.controllers.task_controller - INFO - Deleted task with ID: 19
2024-12-28 22:34:50,279 - src.controllers.task_controller - INFO - Deleted task with ID: 18
2024-12-28 22:34:56,263 - src.controllers.task_controller - INFO - Created task: 测试任务
2024-12-28 22:34:56,277 - src.controllers.task_controller - INFO - Created task: 测试任务
2024-12-28 22:34:56,291 - src.controllers.task_controller - INFO - Created task: 原始任务
2024-12-28 22:34:56,298 - src.controllers.task_controller - INFO - Updated task: 更新后的任务
2024-12-28 22:34:56,309 - src.controllers.task_controller - INFO - Created task: 要删除的任务
2024-12-28 22:34:56,317 - src.controllers.task_controller - INFO - Deleted task with ID: 29
2024-12-28 22:35:35,147 - src.controllers.task_controller - INFO - Created task: 测试任务
2024-12-28 22:35:35,158 - src.controllers.task_controller - INFO - Created task: 测试任务
2024-12-28 22:35:35,168 - src.controllers.task_controller - INFO - Created task: 原始任务
2024-12-28 22:35:35,177 - src.controllers.task_controller - INFO - Updated task: 更新后的任务
2024-12-28 22:35:35,188 - src.controllers.task_controller - INFO - Created task: 要删除的任务
2024-12-28 22:35:35,196 - src.controllers.task_controller - INFO - Deleted task with ID: 33
2024-12-28 22:37:03,396 - src.controllers.task_controller - INFO - Deleted task with ID: 32
2024-12-28 22:37:03,762 - src.controllers.task_controller - INFO - Deleted task with ID: 31
2024-12-28 22:37:04,065 - src.controllers.task_controller - INFO - Deleted task with ID: 30
2024-12-28 22:37:04,287 - src.controllers.task_controller - INFO - Deleted task with ID: 28
2024-12-28 22:37:04,507 - src.controllers.task_controller - INFO - Deleted task with ID: 27
2024-12-28 22:37:04,999 - src.controllers.task_controller - INFO - Deleted task with ID: 26
2024-12-28 22:37:45,811 - src.controllers.task_controller - INFO - Created task: test
2024-12-28 22:37:48,917 - src.controllers.task_controller - INFO - Deleted task with ID: 34
