2024-12-28 22:13:47,009 - src.views.task_widget - INFO - Task added: test
2024-12-28 22:13:50,527 - src.views.task_widget - INFO - Task deleted: test
2024-12-28 22:32:51,659 - src.views.task_widget - INFO - Task deleted: Update documentation
2024-12-28 22:32:52,682 - src.views.task_widget - INFO - Task deleted: Review code changes
2024-12-28 22:32:53,196 - src.views.task_widget - INFO - Task deleted: 更新后的任务
2024-12-28 22:32:53,757 - src.views.task_widget - INFO - Task deleted: 测试任务
2024-12-28 22:32:54,184 - src.views.task_widget - INFO - Task deleted: 测试任务
2024-12-28 22:32:54,478 - src.views.task_widget - INFO - Task deleted: 更新后的任务
2024-12-28 22:32:54,725 - src.views.task_widget - INFO - Task deleted: 测试任务
2024-12-28 22:32:55,123 - src.views.task_widget - INFO - Task deleted: 测试任务
2024-12-28 22:32:55,372 - src.views.task_widget - INFO - Task deleted: 更新后的任务
2024-12-28 22:32:55,827 - src.views.task_widget - INFO - Task deleted: 测试任务
2024-12-28 22:32:56,378 - src.views.task_widget - INFO - Task deleted: 测试任务
2024-12-28 22:34:47,825 - src.views.task_widget - INFO - Task deleted: Update documentation
2024-12-28 22:34:48,428 - src.views.task_widget - INFO - Task deleted: Review code changes
2024-12-28 22:34:48,685 - src.views.task_widget - INFO - Task deleted: Update documentation
2024-12-28 22:34:48,902 - src.views.task_widget - INFO - Task deleted: Review code changes
2024-12-28 22:34:49,095 - src.views.task_widget - INFO - Task deleted: Update documentation
2024-12-28 22:34:49,265 - src.views.task_widget - INFO - Task deleted: Review code changes
2024-12-28 22:34:49,457 - src.views.task_widget - INFO - Task deleted: Update documentation
2024-12-28 22:34:50,282 - src.views.task_widget - INFO - Task deleted: Review code changes
2024-12-28 22:37:03,399 - src.views.task_widget - INFO - Task deleted: 更新后的任务
2024-12-28 22:37:03,765 - src.views.task_widget - INFO - Task deleted: 测试任务
2024-12-28 22:37:04,067 - src.views.task_widget - INFO - Task deleted: 测试任务
2024-12-28 22:37:04,290 - src.views.task_widget - INFO - Task deleted: 更新后的任务
2024-12-28 22:37:04,511 - src.views.task_widget - INFO - Task deleted: 测试任务
2024-12-28 22:37:05,000 - src.views.task_widget - INFO - Task deleted: 测试任务
2024-12-28 22:37:45,813 - src.views.task_widget - INFO - Task added: test
2024-12-28 22:37:48,918 - src.views.task_widget - INFO - Task deleted: test
