2024-12-28 22:07:45,718 - src.controllers.task_controller - INFO - Created task: tt
2024-12-28 22:07:50,674 - src.controllers.task_controller - INFO - Deleted task with ID: 1
2024-12-28 22:10:29,619 - src.controllers.task_controller - INFO - Created task: tt
2024-12-28 22:10:32,532 - src.controllers.task_controller - INFO - Updated task: tt
2024-12-28 22:10:35,128 - src.controllers.task_controller - INFO - Deleted task with ID: 2
2024-12-28 22:13:47,007 - src.controllers.task_controller - INFO - Created task: test
2024-12-28 22:13:50,525 - src.controllers.task_controller - INFO - Deleted task with ID: 3
2024-12-28 22:15:29,206 - src.controllers.task_controller - INFO - Created task: 测试任务
2024-12-28 22:15:29,220 - src.controllers.task_controller - INFO - Created task: 测试任务
2024-12-28 22:15:29,231 - src.controllers.task_controller - INFO - Created task: 原始任务
2024-12-28 22:15:29,239 - src.controllers.task_controller - INFO - Updated task: 更新后的任务
2024-12-28 22:15:29,250 - src.controllers.task_controller - INFO - Created task: 要删除的任务
2024-12-28 22:15:29,257 - src.controllers.task_controller - INFO - Deleted task with ID: 7
2024-12-28 22:21:43,754 - src.controllers.task_controller - INFO - Created task: 测试任务
2024-12-28 22:21:43,765 - src.controllers.task_controller - INFO - Created task: 测试任务
2024-12-28 22:21:43,776 - src.controllers.task_controller - INFO - Created task: 原始任务
2024-12-28 22:21:43,783 - src.controllers.task_controller - INFO - Updated task: 更新后的任务
2024-12-28 22:21:43,795 - src.controllers.task_controller - INFO - Created task: 要删除的任务
2024-12-28 22:21:43,804 - src.controllers.task_controller - INFO - Deleted task with ID: 11
2024-12-28 22:21:49,991 - src.controllers.task_controller - INFO - Created task: 测试任务
2024-12-28 22:21:50,002 - src.controllers.task_controller - INFO - Created task: 测试任务
2024-12-28 22:21:50,013 - src.controllers.task_controller - INFO - Created task: 原始任务
2024-12-28 22:21:50,022 - src.controllers.task_controller - INFO - Updated task: 更新后的任务
2024-12-28 22:21:50,034 - src.controllers.task_controller - INFO - Created task: 要删除的任务
2024-12-28 22:21:50,042 - src.controllers.task_controller - INFO - Deleted task with ID: 15
